

Microchip MPLAB XC8 Assembler V2.31 build 20201012212115 
                                                                                               Sat Feb 20 20:24:21 2021

Microchip MPLAB XC8 C Compiler v2.31 (Free license) build 20201012212115 Og1 
     1                           	processor	18F27Q43
     2                           	fnconf	rparam,??,?,0
     3                           	pagewidth 120
     4                           	opt	flic
     5                           	psect	cinit,global,reloc=2,class=CODE,delta=1
     6                           	psect	bssCOMRAM,global,class=COMRAM,space=1,delta=1,lowdata,noexec
     7                           	psect	cstackCOMRAM,global,class=COMRAM,space=1,delta=1,lowdata,noexec
     8                           	psect	text0,global,reloc=2,class=CODE,delta=1
     9                           	psect	text1,global,reloc=2,class=CODE,delta=1
    10                           	psect	text2,global,reloc=2,class=CODE,delta=1
    11                           	psect	text3,global,reloc=2,class=CODE,delta=1
    12                           	psect	text4,global,reloc=2,class=CODE,delta=1
    13                           	psect	text5,global,reloc=2,class=CODE,delta=1
    14                           	psect	text6,global,reloc=2,class=CODE,delta=1
    15                           	psect	intsave_regs,global,class=BIGRAM,space=1,delta=1,noexec
    16                           	psect	rparam,global,class=COMRAM,space=1,delta=1,noexec
    17                           	psect	idloc,global,abs,ovrld,class=IDLOC,space=5,delta=1,noexec
    18                           	psect	config,global,abs,ovrld,class=CONFIG,space=4,delta=1,noexec
    19  0000                     
    20                           ; Version 2.30
    21                           ; Generated 20/08/2020 GMT
    22                           ; 
    23                           ; Copyright © 2020, Microchip Technology Inc. and its subsidiaries ("Microchip")
    24                           ; All rights reserved.
    25                           ; 
    26                           ; This software is developed by Microchip Technology Inc. and its subsidiaries ("Microch
      +                          ip").
    27                           ; 
    28                           ; Redistribution and use in source and binary forms, with or without modification, are
    29                           ; permitted provided that the following conditions are met:
    30                           ; 
    31                           ;     1. Redistributions of source code must retain the above copyright notice, this lis
      +                          t of
    32                           ;        conditions and the following disclaimer.
    33                           ; 
    34                           ;     2. Redistributions in binary form must reproduce the above copyright notice, this 
      +                          list
    35                           ;        of conditions and the following disclaimer in the documentation and/or other
    36                           ;        materials provided with the distribution. Publication is not required when
    37                           ;        this file is used in an embedded application.
    38                           ; 
    39                           ;     3. Microchip's name may not be used to endorse or promote products derived from th
      +                          is
    40                           ;        software without specific prior written permission.
    41                           ; 
    42                           ; THIS SOFTWARE IS PROVIDED BY MICROCHIP "AS IS" AND ANY EXPRESS OR IMPLIED WARRANTIES,
    43                           ; INCLUDING, BUT NOT LIMITED TO, THE IMPLIED WARRANTIES OF MERCHANTABILITY AND FITNESS F
      +                          OR
    44                           ; PURPOSE ARE DISCLAIMED.  IN NO EVENT SHALL MICROCHIP BE LIABLE FOR ANY DIRECT, INDIREC
      +                          T,
    45                           ; INCIDENTAL, SPECIAL, EXEMPLARY, OR CONSEQUENTIAL DAMAGES (INCLUDING BUT NOT LIMITED TO
    46                           ; PROCUREMENT OF SUBSTITUTE GOODS OR SERVICES; LOSS OF USE, DATA OR PROFITS; OR BUSINESS
    47                           ; INTERRUPTION) HOWSOEVER CAUSED AND ON ANY THEORY OF LIABILITY, WHETHER IN CONTRACT, ST
      +                          RICT
    48                           ; LIABILITY, OR TORT (INCLUDING NEGLIGENCE OR OTHERWISE) ARISING IN ANY WAY OUT OF THE U
      +                          SE OF
    49                           ; THIS SOFTWARE, EVEN IF ADVISED OF THE POSSIBILITY OF SUCH DAMAGE.
    50                           ; 
    51                           ; 
    52                           ; Code-generator required, PIC18F27Q43 Definitions
    53                           ; 
    54                           ; SFR Addresses
    55  0000                     _ANSELB	set	1032
    56  0000                     _ANSELA	set	1024
    57  0000                     _PORTB	set	1231
    58  0000                     _LATB	set	1215
    59  0000                     _TRISB	set	1223
    60  0000                     _LATA	set	1214
    61  0000                     _TRISA	set	1222
    62                           
    63                           ; #config settings
    64                           
    65                           	psect	cinit
    66  01FE86                     __pcinit:
    67                           	callstack 0
    68  01FE86                     start_initialization:
    69                           	callstack 0
    70  01FE86                     __initialization:
    71                           	callstack 0
    72                           
    73                           ; Clear objects allocated to COMRAM (17 bytes)
    74  01FE86  EE01  F101         	lfsr	0,__pbssCOMRAM
    75  01FE8A  0E11               	movlw	17
    76  01FE8C                     clear_0:
    77  01FE8C  6AEE               	clrf	postinc0,c
    78  01FE8E  06E8               	decf	wreg,f,c
    79  01FE90  E1FD               	bnz	clear_0
    80  01FE92                     end_of_initialization:
    81                           	callstack 0
    82  01FE92                     __end_of__initialization:
    83                           	callstack 0
    84  01FE92  0100               	movlb	0
    85  01FE94  EF6B  F0FF         	goto	_main	;jump to C main() function
    86                           
    87                           	psect	bssCOMRAM
    88  000501                     __pbssCOMRAM:
    89                           	callstack 0
    90  000501                     _G_u32SystemFlags:
    91                           	callstack 0
    92  000501                     	ds	4
    93  000505                     _G_u32SystemTime1s:
    94                           	callstack 0
    95  000505                     	ds	4
    96  000509                     _G_u32SystemTime1ms:
    97                           	callstack 0
    98  000509                     	ds	4
    99  00050D                     _G_u8UserAppFlags:
   100                           	callstack 0
   101  00050D                     	ds	1
   102  00050E                     UserAppRun@u32Counter:
   103                           	callstack 0
   104  00050E                     	ds	4
   105                           
   106                           	psect	cstackCOMRAM
   107  000512                     __pcstackCOMRAM:
   108                           	callstack 0
   109  000512                     ??_UserAppRun:
   110  000512                     
   111                           ; 1 bytes @ 0x0
   112  000512                     	ds	1
   113  000513                     UserAppRun@u32Delay:
   114                           	callstack 0
   115                           
   116                           ; 4 bytes @ 0x1
   117  000513                     	ds	4
   118  000517                     UserAppRun@u32InputB:
   119                           	callstack 0
   120                           
   121                           ; 4 bytes @ 0x5
   122  000517                     	ds	4
   123  00051B                     
   124                           ; 1 bytes @ 0x9
   125 ;;
   126 ;;Main: autosize = 0, tempsize = 0, incstack = 0, save=0
   127 ;;
   128 ;; *************** function _main *****************
   129 ;; Defined at:
   130 ;;		line 35 in file "main.c"
   131 ;; Parameters:    Size  Location     Type
   132 ;;		None
   133 ;; Auto vars:     Size  Location     Type
   134 ;;		None
   135 ;; Return value:  Size  Location     Type
   136 ;;                  1    wreg      void 
   137 ;; Registers used:
   138 ;;		wreg, status,2, status,0, cstack
   139 ;; Tracked objects:
   140 ;;		On entry : 0/0
   141 ;;		On exit  : 0/0
   142 ;;		Unchanged: 0/0
   143 ;; Data sizes:     COMRAM   BANK5   BANK6   BANK7   BANK8   BANK9  BANK10  BANK11  BANK12  BANK13  BANK14  BANK15  BANK1
      +6  BANK17  BANK18  BANK19  BANK20  BANK21  BANK22  BANK23  BANK24  BANK25  BANK26  BANK27  BANK28  BANK29  BANK30  BANK3
      +1  BANK32  BANK33  BANK34  BANK35  BANK36  BANK37
   144 ;;      Params:         0       0       0       0       0       0       0       0       0       0       0       0       
      +0       0       0       0       0       0       0       0       0       0       0       0       0       0       0       
      +0       0       0       0       0       0       0
   145 ;;      Locals:         0       0       0       0       0       0       0       0       0       0       0       0       
      +0       0       0       0       0       0       0       0       0       0       0       0       0       0       0       
      +0       0       0       0       0       0       0
   146 ;;      Temps:          0       0       0       0       0       0       0       0       0       0       0       0       
      +0       0       0       0       0       0       0       0       0       0       0       0       0       0       0       
      +0       0       0       0       0       0       0
   147 ;;      Totals:         0       0       0       0       0       0       0       0       0       0       0       0       
      +0       0       0       0       0       0       0       0       0       0       0       0       0       0       0       
      +0       0       0       0       0       0       0
   148 ;;Total ram usage:        0 bytes
   149 ;; Hardware stack levels required when called:    1
   150 ;; This function calls:
   151 ;;		_ClockSetup
   152 ;;		_GpioSetup
   153 ;;		_SysTickSetup
   154 ;;		_SystemSleep
   155 ;;		_UserAppInitialize
   156 ;;		_UserAppRun
   157 ;; This function is called by:
   158 ;;		Startup code after reset
   159 ;; This function uses a non-reentrant model
   160 ;;
   161                           
   162                           	psect	text0
   163  01FED6                     __ptext0:
   164                           	callstack 0
   165  01FED6                     _main:
   166                           	callstack 127
   167  01FED6                     
   168                           ;main.c: 37:   G_u32SystemFlags |= (u32)0x80000000;
   169  01FED6  8E04               	bsf	(_G_u32SystemFlags+3)^(0+1280),7,c	;volatile
   170  01FED8                     
   171                           ;main.c: 40:   ClockSetup();
   172  01FED8  EC40  F0FF         	call	_ClockSetup	;wreg free
   173  01FEDC                     
   174                           ;main.c: 41:   SysTickSetup();
   175  01FEDC  EC5A  F0FF         	call	_SysTickSetup	;wreg free
   176  01FEE0                     
   177                           ;main.c: 42:   GpioSetup();
   178  01FEE0  EC4C  F0FF         	call	_GpioSetup	;wreg free
   179  01FEE4                     
   180                           ;main.c: 47:   UserAppInitialize();
   181  01FEE4  EC42  F0FF         	call	_UserAppInitialize	;wreg free
   182  01FEE8                     l810:
   183                           
   184                           ;main.c: 53:   {;main.c: 57:     UserAppRun();
   185  01FEE8  EC7C  F0FF         	call	_UserAppRun	;wreg free
   186  01FEEC                     
   187                           ;main.c: 62:     SystemSleep();
   188  01FEEC  EC41  F0FF         	call	_SystemSleep	;wreg free
   189  01FEF0  EF74  F0FF         	goto	l810
   190  01FEF4  EFFE  F0FF         	goto	start
   191  01FEF8                     __end_of_main:
   192                           	callstack 0
   193                           
   194 ;; *************** function _UserAppRun *****************
   195 ;; Defined at:
   196 ;;		line 95 in file "user_app.c"
   197 ;; Parameters:    Size  Location     Type
   198 ;;		None
   199 ;; Auto vars:     Size  Location     Type
   200 ;;  u32InputB       4    5[COMRAM] unsigned long 
   201 ;;  u32Delay        4    1[COMRAM] unsigned long 
   202 ;; Return value:  Size  Location     Type
   203 ;;                  1    wreg      void 
   204 ;; Registers used:
   205 ;;		wreg, status,2, status,0
   206 ;; Tracked objects:
   207 ;;		On entry : 0/0
   208 ;;		On exit  : 0/0
   209 ;;		Unchanged: 0/0
   210 ;; Data sizes:     COMRAM   BANK5   BANK6   BANK7   BANK8   BANK9  BANK10  BANK11  BANK12  BANK13  BANK14  BANK15  BANK1
      +6  BANK17  BANK18  BANK19  BANK20  BANK21  BANK22  BANK23  BANK24  BANK25  BANK26  BANK27  BANK28  BANK29  BANK30  BANK3
      +1  BANK32  BANK33  BANK34  BANK35  BANK36  BANK37
   211 ;;      Params:         0       0       0       0       0       0       0       0       0       0       0       0       
      +0       0       0       0       0       0       0       0       0       0       0       0       0       0       0       
      +0       0       0       0       0       0       0
   212 ;;      Locals:         8       0       0       0       0       0       0       0       0       0       0       0       
      +0       0       0       0       0       0       0       0       0       0       0       0       0       0       0       
      +0       0       0       0       0       0       0
   213 ;;      Temps:          1       0       0       0       0       0       0       0       0       0       0       0       
      +0       0       0       0       0       0       0       0       0       0       0       0       0       0       0       
      +0       0       0       0       0       0       0
   214 ;;      Totals:         9       0       0       0       0       0       0       0       0       0       0       0       
      +0       0       0       0       0       0       0       0       0       0       0       0       0       0       0       
      +0       0       0       0       0       0       0
   215 ;;Total ram usage:        9 bytes
   216 ;; Hardware stack levels used:    1
   217 ;; This function calls:
   218 ;;		Nothing
   219 ;; This function is called by:
   220 ;;		_main
   221 ;; This function uses a non-reentrant model
   222 ;;
   223                           
   224                           	psect	text1
   225  01FEF8                     __ptext1:
   226                           	callstack 0
   227  01FEF8                     _UserAppRun:
   228                           	callstack 127
   229  01FEF8                     
   230                           ;user_app.c: 97:     static u32 u32Counter = 0x00;;user_app.c: 99:     LATA = 0x80 | u32
      +                          Counter;
   231  01FEF8  500E               	movf	UserAppRun@u32Counter^(0+1280),w,c
   232  01FEFA  0980               	iorlw	128
   233  01FEFC  6EBE               	movwf	190,c	;volatile
   234                           
   235                           ;user_app.c: 101:     u32 u32InputB = (PORTB & 0x20);
   236  01FEFE  0061 F33C  F512    	movff	1231,??_UserAppRun	;volatile
   237  01FF04  0E20               	movlw	32
   238  01FF06  1612               	andwf	??_UserAppRun^(0+1280),f,c
   239  01FF08  5012               	movf	??_UserAppRun^(0+1280),w,c
   240  01FF0A  6E17               	movwf	UserAppRun@u32InputB^(0+1280),c
   241  01FF0C  6A18               	clrf	(UserAppRun@u32InputB+1)^(0+1280),c
   242  01FF0E  6A19               	clrf	(UserAppRun@u32InputB+2)^(0+1280),c
   243  01FF10  6A1A               	clrf	(UserAppRun@u32InputB+3)^(0+1280),c
   244                           
   245                           ;user_app.c: 103:     while (u32InputB == 0x00)
   246  01FF12  EFBE  F0FF         	goto	l772
   247  01FF16                     l764:
   248                           
   249                           ;user_app.c: 104:     {;user_app.c: 105:         u32InputB = (PORTB & 0x20);
   250  01FF16  0061 F33C  F512    	movff	1231,??_UserAppRun	;volatile
   251  01FF1C  0E20               	movlw	32
   252  01FF1E  1612               	andwf	??_UserAppRun^(0+1280),f,c
   253  01FF20  5012               	movf	??_UserAppRun^(0+1280),w,c
   254  01FF22  6E17               	movwf	UserAppRun@u32InputB^(0+1280),c
   255  01FF24  6A18               	clrf	(UserAppRun@u32InputB+1)^(0+1280),c
   256  01FF26  6A19               	clrf	(UserAppRun@u32InputB+2)^(0+1280),c
   257  01FF28  6A1A               	clrf	(UserAppRun@u32InputB+3)^(0+1280),c
   258                           
   259                           ;user_app.c: 106:         if (u32InputB == 0x20)
   260  01FF2A  0E20               	movlw	32
   261  01FF2C  1817               	xorwf	UserAppRun@u32InputB^(0+1280),w,c
   262  01FF2E  1018               	iorwf	(UserAppRun@u32InputB+1)^(0+1280),w,c
   263  01FF30  1019               	iorwf	(UserAppRun@u32InputB+2)^(0+1280),w,c
   264  01FF32  101A               	iorwf	(UserAppRun@u32InputB+3)^(0+1280),w,c
   265  01FF34  A4D8               	btfss	status,2,c
   266  01FF36  EF9F  F0FF         	goto	u11
   267  01FF3A  EFA1  F0FF         	goto	u10
   268  01FF3E                     u11:
   269  01FF3E  EFBE  F0FF         	goto	l772
   270  01FF42                     u10:
   271  01FF42                     
   272                           ;user_app.c: 107:         {;user_app.c: 108:             if (u32Counter < 0x3F)
   273  01FF42  5011               	movf	(UserAppRun@u32Counter+3)^(0+1280),w,c
   274  01FF44  1010               	iorwf	(UserAppRun@u32Counter+2)^(0+1280),w,c
   275  01FF46  100F               	iorwf	(UserAppRun@u32Counter+1)^(0+1280),w,c
   276  01FF48  E107               	bnz	u21
   277  01FF4A  0E3F               	movlw	63
   278  01FF4C  5C0E               	subwf	UserAppRun@u32Counter^(0+1280),w,c
   279  01FF4E  B0D8               	btfsc	status,0,c
   280  01FF50  EFAC  F0FF         	goto	u21
   281  01FF54  EFAE  F0FF         	goto	u20
   282  01FF58                     u21:
   283  01FF58  EFB6  F0FF         	goto	l770
   284  01FF5C                     u20:
   285  01FF5C                     
   286                           ;user_app.c: 109:             {;user_app.c: 110:                 u32Counter += 0x01;
   287  01FF5C  0E01               	movlw	1
   288  01FF5E  260E               	addwf	UserAppRun@u32Counter^(0+1280),f,c
   289  01FF60  0E00               	movlw	0
   290  01FF62  220F               	addwfc	(UserAppRun@u32Counter+1)^(0+1280),f,c
   291  01FF64  2210               	addwfc	(UserAppRun@u32Counter+2)^(0+1280),f,c
   292  01FF66  2211               	addwfc	(UserAppRun@u32Counter+3)^(0+1280),f,c
   293                           
   294                           ;user_app.c: 111:             }
   295  01FF68  EFBE  F0FF         	goto	l772
   296  01FF6C                     l770:
   297                           
   298                           ;user_app.c: 113:                 u32Counter = 0x00;
   299  01FF6C  0E00               	movlw	0
   300  01FF6E  6E0E               	movwf	UserAppRun@u32Counter^(0+1280),c
   301  01FF70  0E00               	movlw	0
   302  01FF72  6E0F               	movwf	(UserAppRun@u32Counter+1)^(0+1280),c
   303  01FF74  0E00               	movlw	0
   304  01FF76  6E10               	movwf	(UserAppRun@u32Counter+2)^(0+1280),c
   305  01FF78  0E00               	movlw	0
   306  01FF7A  6E11               	movwf	(UserAppRun@u32Counter+3)^(0+1280),c
   307  01FF7C                     l772:
   308                           
   309                           ;user_app.c: 103:     while (u32InputB == 0x00)
   310  01FF7C  5017               	movf	UserAppRun@u32InputB^(0+1280),w,c
   311  01FF7E  1018               	iorwf	(UserAppRun@u32InputB+1)^(0+1280),w,c
   312  01FF80  1019               	iorwf	(UserAppRun@u32InputB+2)^(0+1280),w,c
   313  01FF82  101A               	iorwf	(UserAppRun@u32InputB+3)^(0+1280),w,c
   314  01FF84  B4D8               	btfsc	status,2,c
   315  01FF86  EFC7  F0FF         	goto	u31
   316  01FF8A  EFC9  F0FF         	goto	u30
   317  01FF8E                     u31:
   318  01FF8E  EF8B  F0FF         	goto	l764
   319  01FF92                     u30:
   320  01FF92                     
   321                           ;user_app.c: 118:     if (PORTB != LATB)
   322  01FF92  50BF               	movf	191,w,c	;volatile
   323  01FF94  18CF               	xorwf	207,w,c	;volatile
   324  01FF96  B4D8               	btfsc	status,2,c
   325  01FF98  EFD0  F0FF         	goto	u41
   326  01FF9C  EFD2  F0FF         	goto	u40
   327  01FFA0                     u41:
   328  01FFA0  EFDF  F0FF         	goto	l76
   329  01FFA4                     u40:
   330  01FFA4                     
   331                           ;user_app.c: 119:     {;user_app.c: 120:         if (LATA < 0xBF)
   332  01FFA4  0EBF               	movlw	191
   333  01FFA6  60BE               	cpfslt	190,c	;volatile
   334  01FFA8  EFD8  F0FF         	goto	u51
   335  01FFAC  EFDA  F0FF         	goto	u50
   336  01FFB0                     u51:
   337  01FFB0  EFDD  F0FF         	goto	l780
   338  01FFB4                     u50:
   339  01FFB4                     
   340                           ;user_app.c: 121:         {;user_app.c: 122:             LATA += 0x01;
   341  01FFB4  2ABE               	incf	190,f,c	;volatile
   342                           
   343                           ;user_app.c: 123:         }
   344  01FFB6  EFDF  F0FF         	goto	l76
   345  01FFBA                     l780:
   346                           
   347                           ;user_app.c: 125:             LATA = 0x80;
   348  01FFBA  0E80               	movlw	128
   349  01FFBC  6EBE               	movwf	190,c	;volatile
   350  01FFBE                     l76:
   351                           
   352                           ;user_app.c: 129:     u32 u32Delay = 0;
   353  01FFBE  0E00               	movlw	0
   354  01FFC0  6E13               	movwf	UserAppRun@u32Delay^(0+1280),c
   355  01FFC2  0E00               	movlw	0
   356  01FFC4  6E14               	movwf	(UserAppRun@u32Delay+1)^(0+1280),c
   357  01FFC6  0E00               	movlw	0
   358  01FFC8  6E15               	movwf	(UserAppRun@u32Delay+2)^(0+1280),c
   359  01FFCA  0E00               	movlw	0
   360  01FFCC  6E16               	movwf	(UserAppRun@u32Delay+3)^(0+1280),c
   361                           
   362                           ;user_app.c: 131:     while (u32Delay<8000)
   363  01FFCE  EFEF  F0FF         	goto	l79
   364  01FFD2                     l782:
   365                           
   366                           ;user_app.c: 132:     {;user_app.c: 133:         u32Delay++;
   367  01FFD2  0E01               	movlw	1
   368  01FFD4  2613               	addwf	UserAppRun@u32Delay^(0+1280),f,c
   369  01FFD6  0E00               	movlw	0
   370  01FFD8  2214               	addwfc	(UserAppRun@u32Delay+1)^(0+1280),f,c
   371  01FFDA  2215               	addwfc	(UserAppRun@u32Delay+2)^(0+1280),f,c
   372  01FFDC  2216               	addwfc	(UserAppRun@u32Delay+3)^(0+1280),f,c
   373  01FFDE                     l79:
   374                           
   375                           ;user_app.c: 131:     while (u32Delay<8000)
   376  01FFDE  5016               	movf	(UserAppRun@u32Delay+3)^(0+1280),w,c
   377  01FFE0  1015               	iorwf	(UserAppRun@u32Delay+2)^(0+1280),w,c
   378  01FFE2  E10B               	bnz	u60
   379  01FFE4  0E40               	movlw	64
   380  01FFE6  5C13               	subwf	UserAppRun@u32Delay^(0+1280),w,c
   381  01FFE8  0E1F               	movlw	31
   382  01FFEA  5814               	subwfb	(UserAppRun@u32Delay+1)^(0+1280),w,c
   383  01FFEC  A0D8               	btfss	status,0,c
   384  01FFEE  EFFB  F0FF         	goto	u61
   385  01FFF2  EFFD  F0FF         	goto	u60
   386  01FFF6                     u61:
   387  01FFF6  EFE9  F0FF         	goto	l782
   388  01FFFA                     u60:
   389  01FFFA  0012               	return		;funcret
   390  01FFFC                     __end_of_UserAppRun:
   391                           	callstack 0
   392                           
   393 ;; *************** function _UserAppInitialize *****************
   394 ;; Defined at:
   395 ;;		line 76 in file "user_app.c"
   396 ;; Parameters:    Size  Location     Type
   397 ;;		None
   398 ;; Auto vars:     Size  Location     Type
   399 ;;		None
   400 ;; Return value:  Size  Location     Type
   401 ;;                  1    wreg      void 
   402 ;; Registers used:
   403 ;;		None
   404 ;; Tracked objects:
   405 ;;		On entry : 0/0
   406 ;;		On exit  : 0/0
   407 ;;		Unchanged: 0/0
   408 ;; Data sizes:     COMRAM   BANK5   BANK6   BANK7   BANK8   BANK9  BANK10  BANK11  BANK12  BANK13  BANK14  BANK15  BANK1
      +6  BANK17  BANK18  BANK19  BANK20  BANK21  BANK22  BANK23  BANK24  BANK25  BANK26  BANK27  BANK28  BANK29  BANK30  BANK3
      +1  BANK32  BANK33  BANK34  BANK35  BANK36  BANK37
   409 ;;      Params:         0       0       0       0       0       0       0       0       0       0       0       0       
      +0       0       0       0       0       0       0       0       0       0       0       0       0       0       0       
      +0       0       0       0       0       0       0
   410 ;;      Locals:         0       0       0       0       0       0       0       0       0       0       0       0       
      +0       0       0       0       0       0       0       0       0       0       0       0       0       0       0       
      +0       0       0       0       0       0       0
   411 ;;      Temps:          0       0       0       0       0       0       0       0       0       0       0       0       
      +0       0       0       0       0       0       0       0       0       0       0       0       0       0       0       
      +0       0       0       0       0       0       0
   412 ;;      Totals:         0       0       0       0       0       0       0       0       0       0       0       0       
      +0       0       0       0       0       0       0       0       0       0       0       0       0       0       0       
      +0       0       0       0       0       0       0
   413 ;;Total ram usage:        0 bytes
   414 ;; Hardware stack levels used:    1
   415 ;; This function calls:
   416 ;;		Nothing
   417 ;; This function is called by:
   418 ;;		_main
   419 ;; This function uses a non-reentrant model
   420 ;;
   421                           
   422                           	psect	text2
   423  01FE84                     __ptext2:
   424                           	callstack 0
   425  01FE84                     _UserAppInitialize:
   426                           	callstack 127
   427  01FE84  0012               	return		;funcret
   428  01FE86                     __end_of_UserAppInitialize:
   429                           	callstack 0
   430                           
   431 ;; *************** function _SystemSleep *****************
   432 ;; Defined at:
   433 ;;		line 135 in file "encm369_pic18.c"
   434 ;; Parameters:    Size  Location     Type
   435 ;;		None
   436 ;; Auto vars:     Size  Location     Type
   437 ;;		None
   438 ;; Return value:  Size  Location     Type
   439 ;;                  1    wreg      void 
   440 ;; Registers used:
   441 ;;		None
   442 ;; Tracked objects:
   443 ;;		On entry : 0/0
   444 ;;		On exit  : 0/0
   445 ;;		Unchanged: 0/0
   446 ;; Data sizes:     COMRAM   BANK5   BANK6   BANK7   BANK8   BANK9  BANK10  BANK11  BANK12  BANK13  BANK14  BANK15  BANK1
      +6  BANK17  BANK18  BANK19  BANK20  BANK21  BANK22  BANK23  BANK24  BANK25  BANK26  BANK27  BANK28  BANK29  BANK30  BANK3
      +1  BANK32  BANK33  BANK34  BANK35  BANK36  BANK37
   447 ;;      Params:         0       0       0       0       0       0       0       0       0       0       0       0       
      +0       0       0       0       0       0       0       0       0       0       0       0       0       0       0       
      +0       0       0       0       0       0       0
   448 ;;      Locals:         0       0       0       0       0       0       0       0       0       0       0       0       
      +0       0       0       0       0       0       0       0       0       0       0       0       0       0       0       
      +0       0       0       0       0       0       0
   449 ;;      Temps:          0       0       0       0       0       0       0       0       0       0       0       0       
      +0       0       0       0       0       0       0       0       0       0       0       0       0       0       0       
      +0       0       0       0       0       0       0
   450 ;;      Totals:         0       0       0       0       0       0       0       0       0       0       0       0       
      +0       0       0       0       0       0       0       0       0       0       0       0       0       0       0       
      +0       0       0       0       0       0       0
   451 ;;Total ram usage:        0 bytes
   452 ;; Hardware stack levels used:    1
   453 ;; This function calls:
   454 ;;		Nothing
   455 ;; This function is called by:
   456 ;;		_main
   457 ;; This function uses a non-reentrant model
   458 ;;
   459                           
   460                           	psect	text3
   461  01FE82                     __ptext3:
   462                           	callstack 0
   463  01FE82                     _SystemSleep:
   464                           	callstack 127
   465  01FE82  0012               	return		;funcret
   466  01FE84                     __end_of_SystemSleep:
   467                           	callstack 0
   468                           
   469 ;; *************** function _SysTickSetup *****************
   470 ;; Defined at:
   471 ;;		line 113 in file "encm369_pic18.c"
   472 ;; Parameters:    Size  Location     Type
   473 ;;		None
   474 ;; Auto vars:     Size  Location     Type
   475 ;;		None
   476 ;; Return value:  Size  Location     Type
   477 ;;                  1    wreg      void 
   478 ;; Registers used:
   479 ;;		wreg, status,2
   480 ;; Tracked objects:
   481 ;;		On entry : 0/0
   482 ;;		On exit  : 0/0
   483 ;;		Unchanged: 0/0
   484 ;; Data sizes:     COMRAM   BANK5   BANK6   BANK7   BANK8   BANK9  BANK10  BANK11  BANK12  BANK13  BANK14  BANK15  BANK1
      +6  BANK17  BANK18  BANK19  BANK20  BANK21  BANK22  BANK23  BANK24  BANK25  BANK26  BANK27  BANK28  BANK29  BANK30  BANK3
      +1  BANK32  BANK33  BANK34  BANK35  BANK36  BANK37
   485 ;;      Params:         0       0       0       0       0       0       0       0       0       0       0       0       
      +0       0       0       0       0       0       0       0       0       0       0       0       0       0       0       
      +0       0       0       0       0       0       0
   486 ;;      Locals:         0       0       0       0       0       0       0       0       0       0       0       0       
      +0       0       0       0       0       0       0       0       0       0       0       0       0       0       0       
      +0       0       0       0       0       0       0
   487 ;;      Temps:          0       0       0       0       0       0       0       0       0       0       0       0       
      +0       0       0       0       0       0       0       0       0       0       0       0       0       0       0       
      +0       0       0       0       0       0       0
   488 ;;      Totals:         0       0       0       0       0       0       0       0       0       0       0       0       
      +0       0       0       0       0       0       0       0       0       0       0       0       0       0       0       
      +0       0       0       0       0       0       0
   489 ;;Total ram usage:        0 bytes
   490 ;; Hardware stack levels used:    1
   491 ;; This function calls:
   492 ;;		Nothing
   493 ;; This function is called by:
   494 ;;		_main
   495 ;; This function uses a non-reentrant model
   496 ;;
   497                           
   498                           	psect	text4
   499  01FEB4                     __ptext4:
   500                           	callstack 0
   501  01FEB4                     _SysTickSetup:
   502                           	callstack 127
   503  01FEB4                     
   504                           ;encm369_pic18.c: 115:   G_u32SystemTime1ms = 0;
   505  01FEB4  0E00               	movlw	0
   506  01FEB6  6E09               	movwf	_G_u32SystemTime1ms^(0+1280),c	;volatile
   507  01FEB8  0E00               	movlw	0
   508  01FEBA  6E0A               	movwf	(_G_u32SystemTime1ms+1)^(0+1280),c	;volatile
   509  01FEBC  0E00               	movlw	0
   510  01FEBE  6E0B               	movwf	(_G_u32SystemTime1ms+2)^(0+1280),c	;volatile
   511  01FEC0  0E00               	movlw	0
   512  01FEC2  6E0C               	movwf	(_G_u32SystemTime1ms+3)^(0+1280),c	;volatile
   513                           
   514                           ;encm369_pic18.c: 116:   G_u32SystemTime1s = 0;
   515  01FEC4  0E00               	movlw	0
   516  01FEC6  6E05               	movwf	_G_u32SystemTime1s^(0+1280),c	;volatile
   517  01FEC8  0E00               	movlw	0
   518  01FECA  6E06               	movwf	(_G_u32SystemTime1s+1)^(0+1280),c	;volatile
   519  01FECC  0E00               	movlw	0
   520  01FECE  6E07               	movwf	(_G_u32SystemTime1s+2)^(0+1280),c	;volatile
   521  01FED0  0E00               	movlw	0
   522  01FED2  6E08               	movwf	(_G_u32SystemTime1s+3)^(0+1280),c	;volatile
   523  01FED4  0012               	return		;funcret
   524  01FED6                     __end_of_SysTickSetup:
   525                           	callstack 0
   526                           
   527 ;; *************** function _GpioSetup *****************
   528 ;; Defined at:
   529 ;;		line 89 in file "encm369_pic18.c"
   530 ;; Parameters:    Size  Location     Type
   531 ;;		None
   532 ;; Auto vars:     Size  Location     Type
   533 ;;		None
   534 ;; Return value:  Size  Location     Type
   535 ;;                  1    wreg      void 
   536 ;; Registers used:
   537 ;;		wreg, status,2
   538 ;; Tracked objects:
   539 ;;		On entry : 0/0
   540 ;;		On exit  : 0/0
   541 ;;		Unchanged: 0/0
   542 ;; Data sizes:     COMRAM   BANK5   BANK6   BANK7   BANK8   BANK9  BANK10  BANK11  BANK12  BANK13  BANK14  BANK15  BANK1
      +6  BANK17  BANK18  BANK19  BANK20  BANK21  BANK22  BANK23  BANK24  BANK25  BANK26  BANK27  BANK28  BANK29  BANK30  BANK3
      +1  BANK32  BANK33  BANK34  BANK35  BANK36  BANK37
   543 ;;      Params:         0       0       0       0       0       0       0       0       0       0       0       0       
      +0       0       0       0       0       0       0       0       0       0       0       0       0       0       0       
      +0       0       0       0       0       0       0
   544 ;;      Locals:         0       0       0       0       0       0       0       0       0       0       0       0       
      +0       0       0       0       0       0       0       0       0       0       0       0       0       0       0       
      +0       0       0       0       0       0       0
   545 ;;      Temps:          0       0       0       0       0       0       0       0       0       0       0       0       
      +0       0       0       0       0       0       0       0       0       0       0       0       0       0       0       
      +0       0       0       0       0       0       0
   546 ;;      Totals:         0       0       0       0       0       0       0       0       0       0       0       0       
      +0       0       0       0       0       0       0       0       0       0       0       0       0       0       0       
      +0       0       0       0       0       0       0
   547 ;;Total ram usage:        0 bytes
   548 ;; Hardware stack levels used:    1
   549 ;; This function calls:
   550 ;;		Nothing
   551 ;; This function is called by:
   552 ;;		_main
   553 ;; This function uses a non-reentrant model
   554 ;;
   555                           
   556                           	psect	text5
   557  01FE98                     __ptext5:
   558                           	callstack 0
   559  01FE98                     _GpioSetup:
   560                           	callstack 127
   561  01FE98                     
   562                           ;encm369_pic18.c: 91:     TRISA = 0x00;
   563  01FE98  0E00               	movlw	0
   564  01FE9A  6EC6               	movwf	198,c	;volatile
   565                           
   566                           ;encm369_pic18.c: 92:     LATA = 0x80;
   567  01FE9C  0E80               	movlw	128
   568  01FE9E  6EBE               	movwf	190,c	;volatile
   569                           
   570                           ;encm369_pic18.c: 93:     ANSELA = 0x00;
   571  01FEA0  0E00               	movlw	0
   572  01FEA2  0104               	movlb	4	; () banked
   573  01FEA4  6F00               	movwf	0,b	;volatile
   574                           
   575                           ;encm369_pic18.c: 95:     TRISB = 0x20;
   576  01FEA6  0E20               	movlw	32
   577  01FEA8  6EC7               	movwf	199,c	;volatile
   578                           
   579                           ;encm369_pic18.c: 96:     LATB = 0x00;
   580  01FEAA  0E00               	movlw	0
   581  01FEAC  6EBF               	movwf	191,c	;volatile
   582                           
   583                           ;encm369_pic18.c: 97:     ANSELB = 0x00;
   584  01FEAE  0E00               	movlw	0
   585  01FEB0  6F08               	movwf	8,b	;volatile
   586  01FEB2                     
   587                           ; BSR set to: 4
   588  01FEB2  0012               	return		;funcret
   589  01FEB4                     __end_of_GpioSetup:
   590                           	callstack 0
   591                           
   592 ;; *************** function _ClockSetup *****************
   593 ;; Defined at:
   594 ;;		line 70 in file "encm369_pic18.c"
   595 ;; Parameters:    Size  Location     Type
   596 ;;		None
   597 ;; Auto vars:     Size  Location     Type
   598 ;;		None
   599 ;; Return value:  Size  Location     Type
   600 ;;                  1    wreg      void 
   601 ;; Registers used:
   602 ;;		None
   603 ;; Tracked objects:
   604 ;;		On entry : 0/0
   605 ;;		On exit  : 0/0
   606 ;;		Unchanged: 0/0
   607 ;; Data sizes:     COMRAM   BANK5   BANK6   BANK7   BANK8   BANK9  BANK10  BANK11  BANK12  BANK13  BANK14  BANK15  BANK1
      +6  BANK17  BANK18  BANK19  BANK20  BANK21  BANK22  BANK23  BANK24  BANK25  BANK26  BANK27  BANK28  BANK29  BANK30  BANK3
      +1  BANK32  BANK33  BANK34  BANK35  BANK36  BANK37
   608 ;;      Params:         0       0       0       0       0       0       0       0       0       0       0       0       
      +0       0       0       0       0       0       0       0       0       0       0       0       0       0       0       
      +0       0       0       0       0       0       0
   609 ;;      Locals:         0       0       0       0       0       0       0       0       0       0       0       0       
      +0       0       0       0       0       0       0       0       0       0       0       0       0       0       0       
      +0       0       0       0       0       0       0
   610 ;;      Temps:          0       0       0       0       0       0       0       0       0       0       0       0       
      +0       0       0       0       0       0       0       0       0       0       0       0       0       0       0       
      +0       0       0       0       0       0       0
   611 ;;      Totals:         0       0       0       0       0       0       0       0       0       0       0       0       
      +0       0       0       0       0       0       0       0       0       0       0       0       0       0       0       
      +0       0       0       0       0       0       0
   612 ;;Total ram usage:        0 bytes
   613 ;; Hardware stack levels used:    1
   614 ;; This function calls:
   615 ;;		Nothing
   616 ;; This function is called by:
   617 ;;		_main
   618 ;; This function uses a non-reentrant model
   619 ;;
   620                           
   621                           	psect	text6
   622  01FE80                     __ptext6:
   623                           	callstack 0
   624  01FE80                     _ClockSetup:
   625                           	callstack 127
   626  01FE80  0012               	return		;funcret
   627  01FE82                     __end_of_ClockSetup:
   628                           	callstack 0
   629  0000                     
   630                           	psect	rparam
   631  0000                     
   632                           	psect	idloc
   633                           
   634                           ;Config register IDLOC0 @ 0x200000
   635                           ;	unspecified, using default values
   636  200000                     	org	2097152
   637  200000  0FFF               	dw	4095
   638                           
   639                           ;Config register IDLOC1 @ 0x200002
   640                           ;	unspecified, using default values
   641  200002                     	org	2097154
   642  200002  0FFF               	dw	4095
   643                           
   644                           ;Config register IDLOC2 @ 0x200004
   645                           ;	unspecified, using default values
   646  200004                     	org	2097156
   647  200004  0FFF               	dw	4095
   648                           
   649                           ;Config register IDLOC3 @ 0x200006
   650                           ;	unspecified, using default values
   651  200006                     	org	2097158
   652  200006  0FFF               	dw	4095
   653                           
   654                           ;Config register IDLOC4 @ 0x200008
   655                           ;	unspecified, using default values
   656  200008                     	org	2097160
   657  200008  0FFF               	dw	4095
   658                           
   659                           ;Config register IDLOC5 @ 0x20000A
   660                           ;	unspecified, using default values
   661  20000A                     	org	2097162
   662  20000A  0FFF               	dw	4095
   663                           
   664                           ;Config register IDLOC6 @ 0x20000C
   665                           ;	unspecified, using default values
   666  20000C                     	org	2097164
   667  20000C  0FFF               	dw	4095
   668                           
   669                           ;Config register IDLOC7 @ 0x20000E
   670                           ;	unspecified, using default values
   671  20000E                     	org	2097166
   672  20000E  0FFF               	dw	4095
   673                           
   674                           ;Config register IDLOC8 @ 0x200010
   675                           ;	unspecified, using default values
   676  200010                     	org	2097168
   677  200010  0FFF               	dw	4095
   678                           
   679                           ;Config register IDLOC9 @ 0x200012
   680                           ;	unspecified, using default values
   681  200012                     	org	2097170
   682  200012  0FFF               	dw	4095
   683                           
   684                           ;Config register IDLOC10 @ 0x200014
   685                           ;	unspecified, using default values
   686  200014                     	org	2097172
   687  200014  0FFF               	dw	4095
   688                           
   689                           ;Config register IDLOC11 @ 0x200016
   690                           ;	unspecified, using default values
   691  200016                     	org	2097174
   692  200016  0FFF               	dw	4095
   693                           
   694                           ;Config register IDLOC12 @ 0x200018
   695                           ;	unspecified, using default values
   696  200018                     	org	2097176
   697  200018  0FFF               	dw	4095
   698                           
   699                           ;Config register IDLOC13 @ 0x20001A
   700                           ;	unspecified, using default values
   701  20001A                     	org	2097178
   702  20001A  0FFF               	dw	4095
   703                           
   704                           ;Config register IDLOC14 @ 0x20001C
   705                           ;	unspecified, using default values
   706  20001C                     	org	2097180
   707  20001C  0FFF               	dw	4095
   708                           
   709                           ;Config register IDLOC15 @ 0x20001E
   710                           ;	unspecified, using default values
   711  20001E                     	org	2097182
   712  20001E  0FFF               	dw	4095
   713                           
   714                           	psect	config
   715                           
   716                           ;Config register CONFIG1 @ 0x300000
   717                           ;	External Oscillator Selection
   718                           ;	FEXTOSC = OFF, Oscillator not enabled
   719                           ;	Reset Oscillator Selection
   720                           ;	RSTOSC = HFINTOSC_64MHZ, HFINTOSC with HFFRQ = 64 MHz and CDIV = 1:1
   721  300000                     	org	3145728
   722  300000  8C                 	db	140
   723                           
   724                           ;Config register CONFIG2 @ 0x300001
   725                           ;	Clock out Enable bit
   726                           ;	CLKOUTEN = ON, CLKOUT function is enabled
   727                           ;	PRLOCKED One-Way Set Enable bit
   728                           ;	PR1WAY = ON, PRLOCKED bit can be cleared and set only once
   729                           ;	Clock Switch Enable bit
   730                           ;	CSWEN = ON, Writing to NOSC and NDIV is allowed
   731                           ;	Fail-Safe Clock Monitor Enable bit
   732                           ;	FCMEN = ON, Fail-Safe Clock Monitor enabled
   733  300001                     	org	3145729
   734  300001  FE                 	db	254
   735                           
   736                           ;Config register CONFIG3 @ 0x300002
   737                           ;	MCLR Enable bit
   738                           ;	MCLRE = EXTMCLR, If LVP = 0, MCLR pin is MCLR; If LVP = 1, RE3 pin function is MCLR
   739                           ;	Power-up timer selection bits
   740                           ;	PWRTS = PWRT_OFF, PWRT is disabled
   741                           ;	Multi-vector enable bit
   742                           ;	MVECEN = ON, Multi-vector enabled, Vector table used for interrupts
   743                           ;	IVTLOCK bit One-way set enable bit
   744                           ;	IVT1WAY = ON, IVTLOCKED bit can be cleared and set only once
   745                           ;	Low Power BOR Enable bit
   746                           ;	LPBOREN = OFF, Low-Power BOR disabled
   747                           ;	Brown-out Reset Enable bits
   748                           ;	BOREN = SBORDIS, Brown-out Reset enabled , SBOREN bit is ignored
   749  300002                     	org	3145730
   750  300002  FF                 	db	255
   751                           
   752                           ;Config register CONFIG4 @ 0x300003
   753                           ;	Brown-out Reset Voltage Selection bits
   754                           ;	BORV = VBOR_2P85, Brown-out Reset Voltage (VBOR) set to 2.8V
   755                           ;	ZCD Disable bit
   756                           ;	ZCD = OFF, ZCD module is disabled. ZCD can be enabled by setting the ZCDSEN bit of ZCD
      +                          CON
   757                           ;	PPSLOCK bit One-Way Set Enable bit
   758                           ;	PPS1WAY = ON, PPSLOCKED bit can be cleared and set only once; PPS registers remain loc
      +                          ked after one clear/set cycle
   759                           ;	Stack Full/Underflow Reset Enable bit
   760                           ;	STVREN = ON, Stack full/underflow will cause Reset
   761                           ;	Low Voltage Programming Enable bit
   762                           ;	LVP = ON, Low voltage programming enabled. MCLR/VPP pin function is MCLR. MCLRE config
      +                          uration bit is ignored
   763                           ;	Extended Instruction Set Enable bit
   764                           ;	XINST = OFF, Extended Instruction Set and Indexed Addressing Mode disabled
   765  300003                     	org	3145731
   766  300003  FC                 	db	252
   767                           
   768                           ;Config register CONFIG5 @ 0x300004
   769                           ;	WDT Period selection bits
   770                           ;	WDTCPS = WDTCPS_31, Divider ratio 1:65536; software control of WDTPS
   771                           ;	WDT operating mode
   772                           ;	WDTE = OFF, WDT Disabled; SWDTEN is ignored
   773  300004                     	org	3145732
   774  300004  9F                 	db	159
   775                           
   776                           ;Config register CONFIG6 @ 0x300005
   777                           ;	WDT Window Select bits
   778                           ;	WDTCWS = WDTCWS_7, window always open (100%); software control; keyed access not requi
      +                          red
   779                           ;	WDT input clock selector
   780                           ;	WDTCCS = SC, Software Control
   781  300005                     	org	3145733
   782  300005  FF                 	db	255
   783                           
   784                           ;Config register CONFIG7 @ 0x300006
   785                           ;	Boot Block Size selection bits
   786                           ;	BBSIZE = BBSIZE_512, Boot Block size is 512 words
   787                           ;	Boot Block enable bit
   788                           ;	BBEN = OFF, Boot block disabled
   789                           ;	Storage Area Flash enable bit
   790                           ;	SAFEN = OFF, SAF disabled
   791                           ;	Background Debugger
   792                           ;	DEBUG = OFF, Background Debugger disabled
   793  300006                     	org	3145734
   794  300006  FF                 	db	255
   795                           
   796                           ;Config register CONFIG8 @ 0x300007
   797                           ;	Boot Block Write Protection bit
   798                           ;	WRTB = OFF, Boot Block not Write protected
   799                           ;	Configuration Register Write Protection bit
   800                           ;	WRTC = OFF, Configuration registers not Write protected
   801                           ;	Data EEPROM Write Protection bit
   802                           ;	WRTD = OFF, Data EEPROM not Write protected
   803                           ;	SAF Write protection bit
   804                           ;	WRTSAF = OFF, SAF not Write Protected
   805                           ;	Application Block write protection bit
   806                           ;	WRTAPP = OFF, Application Block not write protected
   807  300007                     	org	3145735
   808  300007  FF                 	db	255
   809                           
   810                           ; Padding undefined space
   811  300008                     	org	3145736
   812  300008  FF                 	db	255
   813                           
   814                           ;Config register CONFIG10 @ 0x300009
   815                           ;	PFM and Data EEPROM Code Protection bit
   816                           ;	CP = OFF, PFM and Data EEPROM code protection disabled
   817  300009                     	org	3145737
   818  300009  FF                 	db	255
   819                           tosu	equ	0x4FF
   820                           tosh	equ	0x4FE
   821                           tosl	equ	0x4FD
   822                           stkptr	equ	0x4FC
   823                           pclatu	equ	0x4FB
   824                           pclath	equ	0x4FA
   825                           pcl	equ	0x4F9
   826                           tblptru	equ	0x4F8
   827                           tblptrh	equ	0x4F7
   828                           tblptrl	equ	0x4F6
   829                           tablat	equ	0x4F5
   830                           prodh	equ	0x4F4
   831                           prodl	equ	0x4F3
   832                           indf0	equ	0x4EF
   833                           postinc0	equ	0x4EE
   834                           postdec0	equ	0x4ED
   835                           preinc0	equ	0x4EC
   836                           plusw0	equ	0x4EB
   837                           fsr0h	equ	0x4EA
   838                           fsr0l	equ	0x4E9
   839                           wreg	equ	0x4E8
   840                           indf1	equ	0x4E7
   841                           postinc1	equ	0x4E6
   842                           postdec1	equ	0x4E5
   843                           preinc1	equ	0x4E4
   844                           plusw1	equ	0x4E3
   845                           fsr1h	equ	0x4E2
   846                           fsr1l	equ	0x4E1
   847                           bsr	equ	0x4E0
   848                           indf2	equ	0x4DF
   849                           postinc2	equ	0x4DE
   850                           postdec2	equ	0x4DD
   851                           preinc2	equ	0x4DC
   852                           plusw2	equ	0x4DB
   853                           fsr2h	equ	0x4DA
   854                           fsr2l	equ	0x4D9
   855                           status	equ	0x4D8

Data Sizes:
    Strings     0
    Constant    0
    Data        0
    BSS         17
    Persistent  0
    Stack       0

Auto Spaces:
    Space          Size  Autos    Used
    COMRAM           95      9      26
    BANK5           160      0       0
    BANK6           256      0       0
    BANK7           256      0       0
    BANK8           256      0       0
    BANK9           256      0       0
    BANK10          256      0       0
    BANK11          256      0       0
    BANK12          256      0       0
    BANK13          256      0       0
    BANK14          256      0       0
    BANK15          256      0       0
    BANK16          256      0       0
    BANK17          256      0       0
    BANK18          256      0       0
    BANK19          256      0       0
    BANK20          256      0       0
    BANK21          256      0       0
    BANK22          256      0       0
    BANK23          256      0       0
    BANK24          256      0       0
    BANK25          256      0       0
    BANK26          256      0       0
    BANK27          256      0       0
    BANK28          256      0       0
    BANK29          256      0       0
    BANK30          256      0       0
    BANK31          256      0       0
    BANK32          256      0       0
    BANK33          256      0       0
    BANK34          256      0       0
    BANK35          256      0       0
    BANK36          256      0       0
    BANK37          256      0       0

Pointer List with Targets:

    None.

Critical Paths under _main in COMRAM

    _main->_UserAppRun

Critical Paths under _main in BANK5

    None.

Critical Paths under _main in BANK6

    None.

Critical Paths under _main in BANK7

    None.

Critical Paths under _main in BANK8

    None.

Critical Paths under _main in BANK9

    None.

Critical Paths under _main in BANK10

    None.

Critical Paths under _main in BANK11

    None.

Critical Paths under _main in BANK12

    None.

Critical Paths under _main in BANK13

    None.

Critical Paths under _main in BANK14

    None.

Critical Paths under _main in BANK15

    None.

Critical Paths under _main in BANK16

    None.

Critical Paths under _main in BANK17

    None.

Critical Paths under _main in BANK18

    None.

Critical Paths under _main in BANK19

    None.

Critical Paths under _main in BANK20

    None.

Critical Paths under _main in BANK21

    None.

Critical Paths under _main in BANK22

    None.

Critical Paths under _main in BANK23

    None.

Critical Paths under _main in BANK24

    None.

Critical Paths under _main in BANK25

    None.

Critical Paths under _main in BANK26

    None.

Critical Paths under _main in BANK27

    None.

Critical Paths under _main in BANK28

    None.

Critical Paths under _main in BANK29

    None.

Critical Paths under _main in BANK30

    None.

Critical Paths under _main in BANK31

    None.

Critical Paths under _main in BANK32

    None.

Critical Paths under _main in BANK33

    None.

Critical Paths under _main in BANK34

    None.

Critical Paths under _main in BANK35

    None.

Critical Paths under _main in BANK36

    None.

Critical Paths under _main in BANK37

    None.

Call Graph Tables:

 ---------------------------------------------------------------------------------
 (Depth) Function   	        Calls       Base Space   Used Autos Params    Refs
 ---------------------------------------------------------------------------------
 (0) _main                                                 0     0      0      45
                         _ClockSetup
                          _GpioSetup
                       _SysTickSetup
                        _SystemSleep
                  _UserAppInitialize
                         _UserAppRun
 ---------------------------------------------------------------------------------
 (1) _UserAppRun                                           9     9      0      45
                                              0 COMRAM     9     9      0
 ---------------------------------------------------------------------------------
 (1) _UserAppInitialize                                    0     0      0       0
 ---------------------------------------------------------------------------------
 (1) _SystemSleep                                          0     0      0       0
 ---------------------------------------------------------------------------------
 (1) _SysTickSetup                                         0     0      0       0
 ---------------------------------------------------------------------------------
 (1) _GpioSetup                                            0     0      0       0
 ---------------------------------------------------------------------------------
 (1) _ClockSetup                                           0     0      0       0
 ---------------------------------------------------------------------------------
 Estimated maximum stack depth 1
 ---------------------------------------------------------------------------------

 Call Graph Graphs:

 _main (ROOT)
   _ClockSetup
   _GpioSetup
   _SysTickSetup
   _SystemSleep
   _UserAppInitialize
   _UserAppRun

 Address spaces:
Name               Size   Autos  Total    Cost      Usage
BIGRAM            20FF      0       0      71        0.0%
EEDATA             400      0       0       0        0.0%
BITBANK37          100      0       0      70        0.0%
BANK37             100      0       0      68        0.0%
BITBANK36          100      0       0      66        0.0%
BANK36             100      0       0      67        0.0%
BITBANK35          100      0       0      64        0.0%
BANK35             100      0       0      65        0.0%
BITBANK34          100      0       0      62        0.0%
BANK34             100      0       0      63        0.0%
BITBANK33          100      0       0      60        0.0%
BANK33             100      0       0      61        0.0%
BITBANK32          100      0       0      58        0.0%
BANK32             100      0       0      59        0.0%
BITBANK31          100      0       0      56        0.0%
BANK31             100      0       0      57        0.0%
BITBANK30          100      0       0      54        0.0%
BANK30             100      0       0      55        0.0%
BITBANK29          100      0       0      52        0.0%
BANK29             100      0       0      53        0.0%
BITBANK28          100      0       0      50        0.0%
BANK28             100      0       0      51        0.0%
BITBANK27          100      0       0      48        0.0%
BANK27             100      0       0      49        0.0%
BITBANK26          100      0       0      46        0.0%
BANK26             100      0       0      47        0.0%
BITBANK25          100      0       0      44        0.0%
BANK25             100      0       0      45        0.0%
BITBANK24          100      0       0      42        0.0%
BANK24             100      0       0      43        0.0%
BITBANK23          100      0       0      40        0.0%
BANK23             100      0       0      41        0.0%
BITBANK22          100      0       0      38        0.0%
BANK22             100      0       0      39        0.0%
BITBANK21          100      0       0      36        0.0%
BANK21             100      0       0      37        0.0%
BITBANK20          100      0       0      34        0.0%
BANK20             100      0       0      35        0.0%
BITBANK19          100      0       0      32        0.0%
BANK19             100      0       0      33        0.0%
BITBANK18          100      0       0      30        0.0%
BANK18             100      0       0      31        0.0%
BITBANK17          100      0       0      28        0.0%
BANK17             100      0       0      29        0.0%
BITBANK16          100      0       0      26        0.0%
BANK16             100      0       0      27        0.0%
BITBANK15          100      0       0      24        0.0%
BANK15             100      0       0      25        0.0%
BITBANK14          100      0       0      22        0.0%
BANK14             100      0       0      23        0.0%
BITBANK13          100      0       0      20        0.0%
BANK13             100      0       0      21        0.0%
BITBANK12          100      0       0      18        0.0%
BANK12             100      0       0      19        0.0%
BITBANK11          100      0       0      16        0.0%
BANK11             100      0       0      17        0.0%
BITBANK10          100      0       0      14        0.0%
BANK10             100      0       0      15        0.0%
BITBANK9           100      0       0      12        0.0%
BANK9              100      0       0      13        0.0%
BITBANK8           100      0       0      10        0.0%
BANK8              100      0       0      11        0.0%
BITBANK7           100      0       0       8        0.0%
BANK7              100      0       0       9        0.0%
BITBANK6           100      0       0       6        0.0%
BANK6              100      0       0       7        0.0%
BITBANK5            A0      0       0       4        0.0%
BANK5               A0      0       0       5        0.0%
BITCOMRAM           5F      0       0       0        0.0%
COMRAM              5F      9      1A       1       27.4%
BITSFR_5             0      0       0     200        0.0%
SFR_5                0      0       0     200        0.0%
BITSFR_4             0      0       0     200        0.0%
SFR_4                0      0       0     200        0.0%
BITSFR_3             0      0       0     200        0.0%
SFR_3                0      0       0     200        0.0%
BITSFR_2             0      0       0     200        0.0%
SFR_2                0      0       0     200        0.0%
BITSFR_1             0      0       0     200        0.0%
SFR_1                0      0       0     200        0.0%
BITSFR               0      0       0     200        0.0%
SFR                  0      0       0     200        0.0%
STACK                0      0       0       2        0.0%
NULL                 0      0       0       0        0.0%
ABS                  0      0      1A      69        0.0%
DATA                 0      0      1A       3        0.0%
CODE                 0      0       0       0        0.0%


Microchip Technology PIC18 Macro Assembler V2.31 build 20201012212115 
Symbol Table                                                                                   Sat Feb 20 20:24:21 2021

     __size_of_SysTickSetup 0022                          l22 FEB2                          l25 FED4  
                        l19 FE80                          l28 FE82                          l65 FE84  
                        l82 FFFA                          l76 FFBE                          l79 FFDE  
                        u10 FF42                          u11 FF3E                          u20 FF5C  
                        u21 FF58                          u30 FF92                          u31 FF8E  
                        u40 FFA4                          u41 FFA0                          u50 FFB4  
                        u51 FFB0                          u60 FFFA                          u61 FFF6  
                       l800 FED6                         l810 FEE8                         l802 FED8  
                       l812 FEEC                         l804 FEDC                         l806 FEE0  
                       l808 FEE4                         l770 FF6C                         l762 FEF8  
                       l780 FFBA                         l764 FF16                         l772 FF7C  
                       l758 FE98                         l782 FFD2                         l774 FF92  
                       l766 FF42                         l776 FFA4                         l768 FF5C  
                       l778 FFB4                         l798 FEB4                         wreg 0004E8  
                      _LATA 0004BE                        _LATB 0004BF                        _main FED6  
              _SysTickSetup FEB4                        start FFFC        __size_of_SystemSleep 0002  
              ___param_bank 000000                  _ClockSetup FE80                       ?_main 0512  
                     _PORTB 0004CF                       _TRISA 0004C6                       _TRISB 0004C7  
                     status 0004D8             __initialization FE86                __end_of_main FEF8  
                    ??_main 051B               __activetblptr 000000                      _ANSELA 000400  
                    _ANSELB 000408          __size_of_GpioSetup 001C                 ?_ClockSetup 0512  
                    clear_0 FE8C                  _UserAppRun FEF8                  __accesstop 0560  
   __end_of__initialization FE92               ___rparam_used 000001            _G_u8UserAppFlags 050D  
            __pcstackCOMRAM 0512           __end_of_GpioSetup FEB4         __size_of_ClockSetup 0002  
               ?_UserAppRun 0512          UserAppRun@u32Delay 0513               ??_SystemSleep 0512  
                   __Hparam 0000                     __Lparam 0000                     __pcinit FE86  
                   __ramtop 2600                     __ptext0 FED6                     __ptext1 FEF8  
                   __ptext2 FE84                     __ptext3 FE82                     __ptext4 FEB4  
                   __ptext5 FE98                     __ptext6 FE80        end_of_initialization FE92  
          _G_u32SystemFlags 0501                     postinc0 0004EE         __end_of_SystemSleep FE84  
              ??_ClockSetup 0512         __size_of_UserAppRun 0104        UserAppRun@u32Counter 050E  
        __end_of_ClockSetup FE82                   _GpioSetup FE98         start_initialization FE86  
             ?_SysTickSetup 0512                 _SystemSleep FE82                  ?_GpioSetup 0512  
               __pbssCOMRAM 0501           _UserAppInitialize FE84                ??_UserAppRun 0512  
        ?_UserAppInitialize 0512              ??_SysTickSetup 0512         ??_UserAppInitialize 0512  
        __end_of_UserAppRun FFFC   __end_of_UserAppInitialize FE86         UserAppRun@u32InputB 0517  
               ??_GpioSetup 0512                    __Hrparam 0000                    __Lrparam 0000  
      __end_of_SysTickSetup FED6  __size_of_UserAppInitialize 0002               __size_of_main 0022  
              ?_SystemSleep 0512          _G_u32SystemTime1ms 0509           _G_u32SystemTime1s 0505  
